<?xml version="1.0" encoding="UTF-8"?>
<!-- Generated by org.testng.reporters.JUnitReportReporter -->
<testsuite skipped="0" hostname="DESKTOP-HLD9N5Q" name="JsonTest.JsonWrite" tests="1" failures="0" timestamp="07 Mar 2020 12:14:38 GMT" time="0.031" errors="0">
  <testcase name="test" time="0.031" classname="JsonTest.JsonWrite"/>
</testsuite> <!-- JsonTest.JsonWrite -->
